0 info it worked if it ends with ok
1 verbose cli [ 'node', '/home/aermakov/.nvm/v0.11.16/bin/npm', 'run', 'build' ]
2 info using npm@2.7.6
3 info using node@v0.11.16
4 verbose run-script [ 'prebuild', 'build', 'postbuild' ]
5 info prebuild react-sample@0.0.1
6 info build react-sample@0.0.1
7 verbose unsafe-perm in lifecycle true
8 info react-sample@0.0.1 Failed to exec build script
9 verbose stack Error: react-sample@0.0.1 build: `webpack`
9 verbose stack Exit status 1
9 verbose stack     at EventEmitter.<anonymous> (/home/aermakov/.nvm/v0.11.16/lib/node_modules/npm/lib/utils/lifecycle.js:213:16)
9 verbose stack     at EventEmitter.emit (events.js:110:17)
9 verbose stack     at ChildProcess.<anonymous> (/home/aermakov/.nvm/v0.11.16/lib/node_modules/npm/lib/utils/spawn.js:14:12)
9 verbose stack     at ChildProcess.emit (events.js:110:17)
9 verbose stack     at maybeClose (child_process.js:1008:16)
9 verbose stack     at Process.ChildProcess._handle.onexit (child_process.js:1080:5)
10 verbose pkgid react-sample@0.0.1
11 verbose cwd /home/aermakov/projects/react-sample/src/app
12 error Linux 3.19.0-9-generic
13 error argv "node" "/home/aermakov/.nvm/v0.11.16/bin/npm" "run" "build"
14 error node v0.11.16
15 error npm  v2.7.6
16 error code ELIFECYCLE
17 error react-sample@0.0.1 build: `webpack`
17 error Exit status 1
18 error Failed at the react-sample@0.0.1 build script 'webpack'.
18 error This is most likely a problem with the react-sample package,
18 error not with npm itself.
18 error Tell the author that this fails on your system:
18 error     webpack
18 error You can get their info via:
18 error     npm owner ls react-sample
18 error There is likely additional logging output above.
19 verbose exit [ 1, true ]
